Log file open, 03/28/26 22:00:19
LogTrace: Initializing trace...
LogTrace: Finished trace initialization.
LogInit: Session CrashGUID >====================================================
         Session CrashGUID >   UECC-Windows-DCB3CA94430919CE608BF5A32E475333
         Session CrashGUID >====================================================
LogConfig: No local boot hotfix file found at: [../../../../../../Users/17038/Desktop/Chalet/Chalet/ClientTwineProject/Saved/PersistentDownloadDir/HotfixForNextBoot.txt]
LogPluginManager: Mounting Engine plugin PlatformCrypto
LogPluginManager: Mounting Engine plugin TcpMessaging
LogInit: ExecutableName: UnrealPak.exe
LogInit: Build: ++UE5+Release-5.7-CL-51494982
LogInit: Platform=WindowsEditor
LogInit: MachineId=c177843f4be0c53d20b0edb5577e995d
LogInit: DeviceId=
LogInit: Engine Version: 5.7.4-51494982+++UE5+Release-5.7
LogInit: Compatible Engine Version: 5.7.0-47537391+++UE5+Release-5.7
LogInit: Net CL: 47537391
LogInit: OS: Windows 11 (25H2) [10.0.26200.8037] (), CPU: AMD Ryzen 9 6900HX with Radeon Graphics        , GPU: AMD Radeon(TM) Graphics
LogInit: CPU Model ID: 19441, microcode revision: a40410a
LogInit: Compiled (64-bit): Mar  6 2026 12:57:15
LogInit: Architecture: x64
LogInit: Compiled with Visual C++: 19.44.35223.00
LogInit: Build Configuration: Development
LogInit: Branch Name: ++UE5+Release-5.7
LogInit: Command Line: -cryptokeys=C:\Users\17038\Desktop\Chalet\Chalet\ClientTwineProject\Saved\Cooked\Windows\ClientTwineProject\Metadata\Crypto.json -patchpaddingalign=2048 -compressionformats=Oodle -compresslevel=4 -compressmethod=Kraken -platform=Windows -CreateMultiple="C:\Users\17038\AppData\Roaming\Unreal Engine\AutomationTool\Logs\C+Program+Files+Epic+Games+UE_5.7\PakCommands.txt" -nopak
LogInit: Base Directory: C:/Program Files/Epic Games/UE_5.7/Engine/Binaries/Win64/
LogInit: Allocator: Mimalloc
LogInit: Installed Engine Build: 1
LogInit: This binary is optimized with LTO: no, PGO: no, instrumented for PGO data collection: no
LogDevObjectVersion: Number of dev versions registered: 35
LogDevObjectVersion:   Dev-Blueprints (B0D832E4-1F89-4F0D-ACCF-7EB736FD4AA2): 10
LogDevObjectVersion:   Dev-Build (E1C64328-A22C-4D53-A36C-8E866417BD8C): 0
LogDevObjectVersion:   Dev-Core (375EC13C-06E4-48FB-B500-84F0262A717E): 4
LogDevObjectVersion:   Dev-Editor (E4B068ED-F494-42E9-A231-DA0B2E46BB41): 40
LogDevObjectVersion:   Dev-Framework (CFFC743F-43B0-4480-9391-14DF171D2073): 37
LogDevObjectVersion:   Dev-Mobile (B02B49B5-BB20-44E9-A304-32B752E40360): 3
LogDevObjectVersion:   Dev-Networking (A4E4105C-59A1-49B5-A7C5-40C4547EDFEE): 0
LogDevObjectVersion:   Dev-Online (39C831C9-5AE6-47DC-9A44-9C173E1C8E7C): 0
LogDevObjectVersion:   Dev-Physics (78F01B33-EBEA-4F98-B9B4-84EACCB95AA2): 20
LogDevObjectVersion:   Dev-Platform (6631380F-2D4D-43E0-8009-CF276956A95A): 0
LogDevObjectVersion:   Dev-Rendering (12F88B9F-8875-4AFC-A67C-D90C383ABD29): 49
LogDevObjectVersion:   Dev-Sequencer (7B5AE74C-D270-4C10-A958-57980B212A5A): 13
LogDevObjectVersion:   Dev-VR (D7296918-1DD6-4BDD-9DE2-64A83CC13884): 3
LogDevObjectVersion:   Dev-LoadTimes (C2A15278-BFE7-4AFE-6C17-90FF531DF755): 1
LogDevObjectVersion:   Private-Geometry (6EACA3D4-40EC-4CC1-B786-8BED09428FC5): 3
LogDevObjectVersion:   Dev-AnimPhys (29E575DD-E0A3-4627-9D10-D276232CDCEA): 17
LogDevObjectVersion:   Dev-Anim (AF43A65D-7FD3-4947-9873-3E8ED9C1BB05): 15
LogDevObjectVersion:   Dev-ReflectionCapture (6B266CEC-1EC7-4B8F-A30B-E4D90942FC07): 1
LogDevObjectVersion:   Dev-Automation (0DF73D61-A23F-47EA-B727-89E90C41499A): 1
LogDevObjectVersion:   FortniteMain (601D1886-AC64-4F84-AA16-D3DE0DEAC7D6): 225
LogDevObjectVersion:   FortniteValkyrie (8DBC2C5B-54A7-43E0-A768-FCBB7DA29060): 8
LogDevObjectVersion:   FortniteSeason (5B4C06B7-2463-4AF8-805B-BF70CDF5D0DD): 15
LogDevObjectVersion:   FortniteRelease (E7086368-6B23-4C58-8439-1B7016265E91): 17
LogDevObjectVersion:   Dev-Enterprise (9DFFBCD6-494F-0158-E221-12823C92A888): 11
LogDevObjectVersion:   Dev-Niagara (F2AED0AC-9AFE-416F-8664-AA7FFA26D6FC): 1
LogDevObjectVersion:   Dev-Destruction (174F1F0B-B4C6-45A5-B13F-2EE8D0FB917D): 10
LogDevObjectVersion:   Dev-Physics-Ext (35F94A83-E258-406C-A318-09F59610247C): 41
LogDevObjectVersion:   Dev-PhysicsMaterial-Chaos (B68FC16E-8B1B-42E2-B453-215C058844FE): 1
LogDevObjectVersion:   Dev-CineCamera (B2E18506-4273-CFC2-A54E-F4BB758BBA07): 1
LogDevObjectVersion:   Dev-VirtualProduction (64F58936-FD1B-42BA-BA96-7289D5D0FA4E): 1
LogDevObjectVersion:   UE5-Main (697DD581-E64F-41AB-AA4A-51ECBEB7B628): 121
LogDevObjectVersion:   UE5-Release (D89B5E42-24BD-4D46-8412-ACA8DF641779): 61
LogDevObjectVersion:   UE5-SpecialProject (59DA5D52-1232-4948-B878-597870B8E98B): 9
LogDevObjectVersion:   Dev-MediaFramework (6F0ED827-A609-4895-9C91-998D90180EA4): 2
LogDevObjectVersion:   Dev-NaniteResearch (30D58BE3-95EA-4282-A6E3-B159D8EBB06A): 1
LogInit: Presizing for max 100000 objects, including 0 objects not considered by GC.
LogInit: Object subsystem initialized
LogConfig: Applying CVar settings from Section [Startup] File [../../../Engine/Config/ConsoleVariables.ini]
LogConfig: CVar [[r.DumpShaderDebugInfo:2]] deferred - dummy variable created
LogConfig: CVar [[p.chaos.AllowCreatePhysxBodies:1]] deferred - dummy variable created
LogConfig: CVar [[fx.SkipVectorVMBackendOptimizations:1]] deferred - dummy variable created
LogConfig: Applying CVar settings from Section [Startup_Windows] File [../../../Engine/Config/ConsoleVariables.ini]
LogConfig: Applying CVar settings from Section [ConsoleVariables] File [Engine]
LogConfig: Set CVar [[WindowsApplication.UseWorkerThreadForRawInput:0]]
[2026.03.29-02.00.19:269][  0]LogInit: Computer: MICAHLAPTOP
[2026.03.29-02.00.19:269][  0]LogInit: User: 17038
[2026.03.29-02.00.19:269][  0]LogInit: CPU Page size=4096, Cores=8
[2026.03.29-02.00.19:269][  0]LogInit: High frequency timer resolution =10.000000 MHz
[2026.03.29-02.00.19:269][  0]LogInit: Handheld Device: 0
[2026.03.29-02.00.19:269][  0]LogMemory: Process is running as part of a Windows Job with separate resource limits
[2026.03.29-02.00.19:269][  0]LogMemory: Memory total: Physical=15.2GB (16GB approx) Virtual=61.2GB
[2026.03.29-02.00.19:269][  0]LogMemory: Platform Memory Stats for WindowsEditor
[2026.03.29-02.00.19:269][  0]LogMemory: Process Physical Memory: 78.33 MB used, 78.33 MB peak
[2026.03.29-02.00.19:269][  0]LogMemory: Process Virtual Memory: 130.69 MB used, 130.69 MB peak
[2026.03.29-02.00.19:269][  0]LogMemory: Physical Memory: 11688.49 MB used,  3915.03 MB free, 15603.52 MB total
[2026.03.29-02.00.19:269][  0]LogMemory: Virtual Memory: 37475.00 MB used,  25232.53 MB free, 62707.52 MB total
[2026.03.29-02.00.19:300][  0]LogAssetRegistry: FAssetRegistry took 0.0045 seconds to start up
[2026.03.29-02.00.19:303][  0]LogUObjectArray: 620 objects as part of root set at end of initial load.
[2026.03.29-02.00.19:303][  0]LogUObjectArray: CloseDisregardForGC: 0/0 objects in disregard for GC pool
[2026.03.29-02.00.19:304][  0]LogInit: Using OS detected language ().
[2026.03.29-02.00.19:304][  0]LogInit: Using OS detected locale ().
[2026.03.29-02.00.19:306][  0]LogTextLocalizationManager: No localization for '' exists, so 'en' will be used for the language.
[2026.03.29-02.00.19:307][  0]LogTextLocalizationManager: No localization for '' exists, so 'en' will be used for the locale.
[2026.03.29-02.00.19:307][  0]LogInit: Using OS detected language ().
[2026.03.29-02.00.19:307][  0]LogInit: Using OS detected locale ().
[2026.03.29-02.00.19:307][  0]LogTextLocalizationManager: No localization for '' exists, so 'en' will be used for the language.
[2026.03.29-02.00.19:307][  0]LogTextLocalizationManager: No localization for '' exists, so 'en' will be used for the locale.
[2026.03.29-02.00.19:308][  0]LogPakFile: Display: ProjectDir: ../../../../../../Users/17038/Desktop/Chalet/Chalet/ClientTwineProject/
[2026.03.29-02.00.19:309][  0]LogPakFile: Display: Parsing crypto keys from a crypto key cache file
[2026.03.29-02.00.19:311][  0]LogPakFile: Engine only spawned 14 worker threads, bumping up to 15!
[2026.03.29-02.00.19:315][  0]LogPakFile: Display: CompressionFormats in priority order: Oodle, Zlib
[2026.03.29-02.00.19:316][  0]LogPakFile: Display: Oodle enabled on 'NoPluginCompression' files
[2026.03.29-02.00.19:316][  0]LogPakFile: Display: Loading response file C:\Program Files\Epic Games\UE_5.7\Engine\Programs\AutomationTool\Saved\ResponseFiles\PakList_ClientTwineProject-Windows.txt
[2026.03.29-02.00.19:362][  0]LogPakFile: Display: Added 1660 entries to add to pak file.
[2026.03.29-02.00.19:362][  0]LogPakFile: Display: Collecting files to add to pak file...
[2026.03.29-02.00.19:374][  0]LogPakFile: Display: Collected 1660 files in 0.01s.
[2026.03.29-02.00.19:378][  0]LogPakFile: Display: Creating pak C:/Users/17038/Desktop/Chalet/Chalet/ClientTwineProject/Saved/StagedBuilds/Windows/ClientTwineProject/Content/Paks/ClientTwineProject-Windows.pak.
[2026.03.29-02.00.19:385][  0]OodleDataCompression: Display: Oodle v2.9.14 format for pak/iostore with method=Kraken, level=4=Normal
[2026.03.29-02.00.21:163][  0]LogPakFile: Display: Created pak file: C:/Users/17038/Desktop/Chalet/Chalet/ClientTwineProject/Saved/StagedBuilds/Windows/ClientTwineProject/Content/Paks/ClientTwineProject-Windows.pak
[2026.03.29-02.00.21:181][  0]LogPakFile: Display: CompressionFormat 0 [Oodle] : 372 files, 29476644 -> 9634321 bytes
[2026.03.29-02.00.21:181][  0]LogPakFile: Display: CompressionFormat 2 [None] : 1288 files, 757262 -> 757262 bytes
[2026.03.29-02.00.21:181][  0]LogPakFile: Display: Added 1660 files, 11025478 bytes total
[2026.03.29-02.00.21:181][  0]LogPakFile: Display: PrimaryIndex size: 23238 bytes
[2026.03.29-02.00.21:181][  0]LogPakFile: Display: PathHashIndex size: 49112 bytes
[2026.03.29-02.00.21:181][  0]LogPakFile: Display: FullDirectoryIndex size: 52445 bytes
[2026.03.29-02.00.21:181][  0]LogPakFile: Display: Compression summary: 32.68% of original size. Compressed Size 9634321 bytes, Original Size 29476644 bytes. 
[2026.03.29-02.00.21:181][  0]LogPakFile: Display: Encryption - DISABLED
[2026.03.29-02.00.21:181][  0]LogPakFile: Display: 
[2026.03.29-02.00.21:181][  0]LogPakFile: Display: Writer and Compression Threads exited.
[2026.03.29-02.00.21:182][  0]LogPakFile: Display: UnrealPak executed in 1.875488 seconds
[2026.03.29-02.00.21:188][  0]LogCore: Engine exit requested (reason: UnrealPak Exiting)
[2026.03.29-02.00.21:188][  0]LogExit: Preparing to exit.
[2026.03.29-02.00.21:194][  0]LogExit: Object subsystem successfully closed.
[2026.03.29-02.00.21:195][  0]LogPakFile: Destroying PakPlatformFile
[2026.03.29-02.00.21:197][  0]LogExit: Exiting.
[2026.03.29-02.00.21:230][  0]Log file closed, 03/28/26 22:00:21
